<?xml version="1.0" encoding="UTF-8"?>
<coverage generated="1787816000194" clover="3.2.0">
  <project timestamp="1787816000195" name="All files">
    <metrics statements="90" coveredstatements="66" conditionals="104" coveredconditionals="80" methods="19" coveredmethods="14" elements="213" coveredelements="160" complexity="0" loc="90" ncloc="90" packages="1" files="1" classes="1"/>
    <file name="ChatInterface.js" path="C:\Users\HUSSNAIN.COM\Desktop\portfolio-capstone\app\chat\ChatInterface.js">
      <metrics statements="90" coveredstatements="66" conditionals="104" coveredconditionals="80" methods="19" coveredmethods="14"/>
      <line num="9" count="2" type="cond" truecount="3" falsecount="1"/>
      <line num="12" count="2" type="cond" truecount="1" falsecount="1"/>
      <line num="13" count="2" type="cond" truecount="2" falsecount="0"/>
      <line num="14" count="2" type="cond" truecount="2" falsecount="0"/>
      <line num="16" count="2" type="cond" truecount="2" falsecount="0"/>
      <line num="18" count="2" type="stmt"/>
      <line num="86" count="5" type="cond" truecount="1" falsecount="1"/>
      <line num="87" count="0" type="stmt"/>
      <line num="90" count="5" type="stmt"/>
      <line num="91" count="5" type="cond" truecount="2" falsecount="0"/>
      <line num="92" count="1" type="stmt"/>
      <line num="102" count="4" type="cond" truecount="2" falsecount="0"/>
      <line num="103" count="1" type="stmt"/>
      <line num="146" count="3" type="cond" truecount="2" falsecount="0"/>
      <line num="148" count="2" type="cond" truecount="1" falsecount="1"/>
      <line num="153" count="2" type="stmt"/>
      <line num="155" count="0" type="stmt"/>
      <line num="159" count="1" type="cond" truecount="1" falsecount="1"/>
      <line num="160" count="1" type="stmt"/>
      <line num="178" count="0" type="stmt"/>
      <line num="181" count="0" type="stmt"/>
      <line num="200" count="2" type="stmt"/>
      <line num="225" count="1" type="stmt"/>
      <line num="268" count="40" type="stmt"/>
      <line num="274" count="40" type="stmt"/>
      <line num="275" count="40" type="stmt"/>
      <line num="276" count="40" type="stmt"/>
      <line num="278" count="40" type="stmt"/>
      <line num="281" count="40" type="stmt"/>
      <line num="282" count="40" type="stmt"/>
      <line num="284" count="40" type="stmt"/>
      <line num="285" count="40" type="stmt"/>
      <line num="286" count="40" type="stmt"/>
      <line num="288" count="40" type="stmt"/>
      <line num="289" count="40" type="stmt"/>
      <line num="290" count="40" type="cond" truecount="2" falsecount="0"/>
      <line num="293" count="0" type="stmt"/>
      <line num="295" count="0" type="cond" truecount="0" falsecount="2"/>
      <line num="298" count="0" type="stmt"/>
      <line num="300" count="0" type="stmt"/>
      <line num="303" count="40" type="stmt"/>
      <line num="304" count="10" type="stmt"/>
      <line num="306" count="10" type="cond" truecount="3" falsecount="1"/>
      <line num="307" count="10" type="stmt"/>
      <line num="312" count="2" type="stmt"/>
      <line num="314" count="2" type="stmt"/>
      <line num="316" count="2" type="cond" truecount="2" falsecount="0"/>
      <line num="317" count="1" type="stmt"/>
      <line num="318" count="1" type="stmt"/>
      <line num="321" count="1" type="cond" truecount="1" falsecount="1"/>
      <line num="322" count="0" type="stmt"/>
      <line num="325" count="1" type="stmt"/>
      <line num="326" count="1" type="stmt"/>
      <line num="328" count="1" type="stmt"/>
      <line num="330" count="1" type="stmt"/>
      <line num="334" count="0" type="cond" truecount="0" falsecount="2"/>
      <line num="336" count="0" type="stmt"/>
      <line num="337" count="0" type="stmt"/>
      <line num="340" count="0" type="cond" truecount="0" falsecount="2"/>
      <line num="341" count="0" type="stmt"/>
      <line num="345" count="0" type="stmt"/>
      <line num="346" count="0" type="stmt"/>
      <line num="347" count="0" type="stmt"/>
      <line num="352" count="40" type="stmt"/>
      <line num="353" count="10" type="stmt"/>
      <line num="354" count="10" type="cond" truecount="1" falsecount="1"/>
      <line num="355" count="0" type="stmt"/>
      <line num="362" count="40" type="stmt"/>
      <line num="363" count="10" type="cond" truecount="2" falsecount="0"/>
      <line num="364" count="1" type="stmt"/>
      <line num="365" count="1" type="stmt"/>
      <line num="366" count="9" type="cond" truecount="1" falsecount="1"/>
      <line num="367" count="0" type="stmt"/>
      <line num="368" count="0" type="stmt"/>
      <line num="375" count="40" type="cond" truecount="2" falsecount="0"/>
      <line num="383" count="40" type="stmt"/>
      <line num="411" count="0" type="stmt"/>
      <line num="423" count="0" type="stmt"/>
      <line num="437" count="7" type="stmt"/>
      <line num="453" count="7" type="cond" truecount="2" falsecount="0"/>
      <line num="454" count="2" type="stmt"/>
      <line num="466" count="5" type="cond" truecount="1" falsecount="1"/>
      <line num="467" count="5" type="stmt"/>
      <line num="475" count="0" type="stmt"/>
      <line num="513" count="27" type="stmt"/>
      <line num="515" count="27" type="cond" truecount="1" falsecount="1"/>
      <line num="516" count="0" type="stmt"/>
      <line num="520" count="28" type="cond" truecount="4" falsecount="0"/>
      <line num="521" count="1" type="stmt"/>
      <line num="522" count="1" type="stmt"/>
    </file>
  </project>
</coverage>
