{"C:\\Users\\HUSSNAIN.COM\\Desktop\\portfolio-capstone\\app\\chat\\ChatInterface.js": {"path":"C:\\Users\\HUSSNAIN.COM\\Desktop\\portfolio-capstone\\app\\chat\\ChatInterface.js","statementMap":{"0":{"start":{"line":9,"column":2},"end":{"line":9,"column":null}},"1":{"start":{"line":9,"column":45},"end":{"line":9,"column":null}},"2":{"start":{"line":12,"column":16},"end":{"line":12,"column":null}},"3":{"start":{"line":13,"column":17},"end":{"line":13,"column":null}},"4":{"start":{"line":14,"column":22},"end":{"line":14,"column":null}},"5":{"start":{"line":16,"column":4},"end":{"line":16,"column":null}},"6":{"start":{"line":18,"column":2},"end":{"line":81,"column":null}},"7":{"start":{"line":86,"column":2},"end":{"line":88,"column":null}},"8":{"start":{"line":87,"column":4},"end":{"line":87,"column":null}},"9":{"start":{"line":90,"column":2},"end":{"line":196,"column":null}},"10":{"start":{"line":91,"column":4},"end":{"line":100,"column":null}},"11":{"start":{"line":92,"column":6},"end":{"line":98,"column":null}},"12":{"start":{"line":102,"column":4},"end":{"line":144,"column":null}},"13":{"start":{"line":103,"column":6},"end":{"line":142,"column":null}},"14":{"start":{"line":146,"column":4},"end":{"line":157,"column":null}},"15":{"start":{"line":148,"column":6},"end":{"line":156,"column":null}},"16":{"start":{"line":153,"column":8},"end":{"line":153,"column":null}},"17":{"start":{"line":155,"column":8},"end":{"line":155,"column":null}},"18":{"start":{"line":159,"column":4},"end":{"line":176,"column":null}},"19":{"start":{"line":160,"column":6},"end":{"line":174,"column":null}},"20":{"start":{"line":178,"column":4},"end":{"line":178,"column":null}},"21":{"start":{"line":181,"column":4},"end":{"line":194,"column":null}},"22":{"start":{"line":200,"column":2},"end":{"line":220,"column":null}},"23":{"start":{"line":225,"column":2},"end":{"line":256,"column":null}},"24":{"start":{"line":268,"column":6},"end":{"line":272,"column":null}},"25":{"start":{"line":274,"column":28},"end":{"line":274,"column":null}},"26":{"start":{"line":275,"column":38},"end":{"line":275,"column":null}},"27":{"start":{"line":276,"column":38},"end":{"line":276,"column":null}},"28":{"start":{"line":278,"column":29},"end":{"line":278,"column":null}},"29":{"start":{"line":281,"column":22},"end":{"line":281,"column":null}},"30":{"start":{"line":282,"column":24},"end":{"line":282,"column":null}},"31":{"start":{"line":284,"column":30},"end":{"line":284,"column":null}},"32":{"start":{"line":285,"column":26},"end":{"line":285,"column":null}},"33":{"start":{"line":286,"column":21},"end":{"line":286,"column":null}},"34":{"start":{"line":288,"column":21},"end":{"line":288,"column":null}},"35":{"start":{"line":289,"column":22},"end":{"line":289,"column":null}},"36":{"start":{"line":290,"column":17},"end":{"line":290,"column":null}},"37":{"start":{"line":293,"column":15},"end":{"line":293,"column":null}},"38":{"start":{"line":295,"column":4},"end":{"line":295,"column":null}},"39":{"start":{"line":295,"column":13},"end":{"line":295,"column":null}},"40":{"start":{"line":298,"column":6},"end":{"line":298,"column":null}},"41":{"start":{"line":300,"column":4},"end":{"line":300,"column":null}},"42":{"start":{"line":303,"column":2},"end":{"line":309,"column":null}},"43":{"start":{"line":304,"column":15},"end":{"line":304,"column":null}},"44":{"start":{"line":306,"column":4},"end":{"line":308,"column":null}},"45":{"start":{"line":307,"column":6},"end":{"line":307,"column":null}},"46":{"start":{"line":312,"column":4},"end":{"line":312,"column":null}},"47":{"start":{"line":314,"column":17},"end":{"line":314,"column":null}},"48":{"start":{"line":316,"column":4},"end":{"line":319,"column":null}},"49":{"start":{"line":317,"column":6},"end":{"line":317,"column":null}},"50":{"start":{"line":318,"column":6},"end":{"line":318,"column":null}},"51":{"start":{"line":321,"column":4},"end":{"line":323,"column":null}},"52":{"start":{"line":322,"column":6},"end":{"line":322,"column":null}},"53":{"start":{"line":325,"column":4},"end":{"line":325,"column":null}},"54":{"start":{"line":326,"column":4},"end":{"line":326,"column":null}},"55":{"start":{"line":328,"column":4},"end":{"line":328,"column":null}},"56":{"start":{"line":330,"column":4},"end":{"line":330,"column":null}},"57":{"start":{"line":334,"column":4},"end":{"line":334,"column":null}},"58":{"start":{"line":334,"column":20},"end":{"line":334,"column":null}},"59":{"start":{"line":336,"column":4},"end":{"line":336,"column":null}},"60":{"start":{"line":337,"column":4},"end":{"line":337,"column":null}},"61":{"start":{"line":340,"column":4},"end":{"line":342,"column":null}},"62":{"start":{"line":341,"column":6},"end":{"line":341,"column":null}},"63":{"start":{"line":345,"column":4},"end":{"line":348,"column":null}},"64":{"start":{"line":346,"column":6},"end":{"line":346,"column":null}},"65":{"start":{"line":347,"column":6},"end":{"line":347,"column":null}},"66":{"start":{"line":352,"column":2},"end":{"line":358,"column":null}},"67":{"start":{"line":353,"column":4},"end":{"line":357,"column":null}},"68":{"start":{"line":354,"column":6},"end":{"line":356,"column":null}},"69":{"start":{"line":355,"column":8},"end":{"line":355,"column":null}},"70":{"start":{"line":362,"column":2},"end":{"line":370,"column":null}},"71":{"start":{"line":363,"column":4},"end":{"line":369,"column":null}},"72":{"start":{"line":364,"column":6},"end":{"line":364,"column":null}},"73":{"start":{"line":365,"column":6},"end":{"line":365,"column":null}},"74":{"start":{"line":366,"column":4},"end":{"line":369,"column":null}},"75":{"start":{"line":367,"column":6},"end":{"line":367,"column":null}},"76":{"start":{"line":368,"column":6},"end":{"line":368,"column":null}},"77":{"start":{"line":375,"column":25},"end":{"line":381,"column":null}},"78":{"start":{"line":383,"column":2},"end":{"line":551,"column":null}},"79":{"start":{"line":411,"column":18},"end":{"line":413,"column":null}},"80":{"start":{"line":423,"column":18},"end":{"line":425,"column":null}},"81":{"start":{"line":437,"column":12},"end":{"line":478,"column":null}},"82":{"start":{"line":453,"column":18},"end":{"line":464,"column":null}},"83":{"start":{"line":454,"column":20},"end":{"line":462,"column":null}},"84":{"start":{"line":466,"column":18},"end":{"line":473,"column":null}},"85":{"start":{"line":467,"column":20},"end":{"line":471,"column":null}},"86":{"start":{"line":475,"column":18},"end":{"line":475,"column":null}},"87":{"start":{"line":513,"column":14},"end":{"line":513,"column":null}},"88":{"start":{"line":515,"column":14},"end":{"line":517,"column":null}},"89":{"start":{"line":516,"column":16},"end":{"line":516,"column":null}},"90":{"start":{"line":520,"column":14},"end":{"line":523,"column":null}},"91":{"start":{"line":521,"column":16},"end":{"line":521,"column":null}},"92":{"start":{"line":522,"column":16},"end":{"line":522,"column":null}}},"fnMap":{"0":{"name":"LeadScoreCard","decl":{"start":{"line":8,"column":9},"end":{"line":8,"column":23}},"loc":{"start":{"line":8,"column":35},"end":{"line":83,"column":null}},"line":8},"1":{"name":"ToolPart","decl":{"start":{"line":85,"column":9},"end":{"line":85,"column":18}},"loc":{"start":{"line":85,"column":28},"end":{"line":197,"column":null}},"line":85},"2":{"name":"LoadingSkeleton","decl":{"start":{"line":199,"column":9},"end":{"line":199,"column":27}},"loc":{"start":{"line":199,"column":27},"end":{"line":222,"column":null}},"line":199},"3":{"name":"ChatError","decl":{"start":{"line":224,"column":9},"end":{"line":224,"column":19}},"loc":{"start":{"line":224,"column":51},"end":{"line":258,"column":null}},"line":224},"4":{"name":"ChatInterface","decl":{"start":{"line":260,"column":24},"end":{"line":260,"column":40}},"loc":{"start":{"line":260,"column":40},"end":{"line":553,"column":null}},"line":260},"5":{"name":"handleScroll","decl":{"start":{"line":292,"column":11},"end":{"line":292,"column":26}},"loc":{"start":{"line":292,"column":26},"end":{"line":301,"column":null}},"line":292},"6":{"name":"(anonymous_6)","decl":{"start":{"line":303,"column":2},"end":{"line":303,"column":18}},"loc":{"start":{"line":303,"column":18},"end":{"line":309,"column":5}},"line":303},"7":{"name":"handleSubmit","decl":{"start":{"line":311,"column":11},"end":{"line":311,"column":24}},"loc":{"start":{"line":311,"column":27},"end":{"line":331,"column":null}},"line":311},"8":{"name":"handleRetry","decl":{"start":{"line":333,"column":11},"end":{"line":333,"column":25}},"loc":{"start":{"line":333,"column":25},"end":{"line":349,"column":null}},"line":333},"9":{"name":"(anonymous_9)","decl":{"start":{"line":345,"column":30},"end":{"line":345,"column":47}},"loc":{"start":{"line":345,"column":47},"end":{"line":348,"column":7}},"line":345},"10":{"name":"(anonymous_10)","decl":{"start":{"line":352,"column":2},"end":{"line":352,"column":18}},"loc":{"start":{"line":352,"column":18},"end":{"line":358,"column":5}},"line":352},"11":{"name":"(anonymous_11)","decl":{"start":{"line":353,"column":4},"end":{"line":353,"column":17}},"loc":{"start":{"line":353,"column":17},"end":{"line":357,"column":null}},"line":353},"12":{"name":"(anonymous_12)","decl":{"start":{"line":362,"column":2},"end":{"line":362,"column":18}},"loc":{"start":{"line":362,"column":18},"end":{"line":370,"column":5}},"line":362},"13":{"name":"(anonymous_13)","decl":{"start":{"line":410,"column":16},"end":{"line":410,"column":null}},"loc":{"start":{"line":411,"column":18},"end":{"line":413,"column":null}},"line":411},"14":{"name":"(anonymous_14)","decl":{"start":{"line":422,"column":16},"end":{"line":422,"column":null}},"loc":{"start":{"line":423,"column":18},"end":{"line":425,"column":null}},"line":423},"15":{"name":"(anonymous_15)","decl":{"start":{"line":436,"column":20},"end":{"line":436,"column":25}},"loc":{"start":{"line":437,"column":12},"end":{"line":478,"column":null}},"line":437},"16":{"name":"(anonymous_16)","decl":{"start":{"line":452,"column":31},"end":{"line":452,"column":36}},"loc":{"start":{"line":452,"column":48},"end":{"line":476,"column":17}},"line":452},"17":{"name":"(anonymous_17)","decl":{"start":{"line":512,"column":12},"end":{"line":512,"column":23}},"loc":{"start":{"line":512,"column":29},"end":{"line":518,"column":null}},"line":512},"18":{"name":"(anonymous_18)","decl":{"start":{"line":519,"column":12},"end":{"line":519,"column":24}},"loc":{"start":{"line":519,"column":30},"end":{"line":524,"column":null}},"line":519}},"branchMap":{"0":{"loc":{"start":{"line":9,"column":2},"end":{"line":9,"column":null}},"type":"if","locations":[{"start":{"line":9,"column":2},"end":{"line":9,"column":null}},{"start":{},"end":{}}],"line":9},"1":{"loc":{"start":{"line":9,"column":6},"end":{"line":9,"column":45}},"type":"binary-expr","locations":[{"start":{"line":9,"column":6},"end":{"line":9,"column":17}},{"start":{"line":9,"column":17},"end":{"line":9,"column":45}}],"line":9},"2":{"loc":{"start":{"line":12,"column":16},"end":{"line":12,"column":null}},"type":"cond-expr","locations":[{"start":{"line":12,"column":51},"end":{"line":12,"column":66}},{"start":{"line":12,"column":66},"end":{"line":12,"column":null}}],"line":12},"3":{"loc":{"start":{"line":13,"column":17},"end":{"line":13,"column":null}},"type":"binary-expr","locations":[{"start":{"line":13,"column":17},"end":{"line":13,"column":34}},{"start":{"line":13,"column":34},"end":{"line":13,"column":null}}],"line":13},"4":{"loc":{"start":{"line":14,"column":22},"end":{"line":14,"column":null}},"type":"binary-expr","locations":[{"start":{"line":14,"column":22},"end":{"line":14,"column":44}},{"start":{"line":14,"column":44},"end":{"line":14,"column":null}}],"line":14},"5":{"loc":{"start":{"line":16,"column":4},"end":{"line":16,"column":null}},"type":"binary-expr","locations":[{"start":{"line":16,"column":4},"end":{"line":16,"column":29}},{"start":{"line":16,"column":29},"end":{"line":16,"column":null}}],"line":16},"6":{"loc":{"start":{"line":28,"column":13},"end":{"line":29,"column":null}},"type":"binary-expr","locations":[{"start":{"line":28,"column":13},"end":{"line":28,"column":null}},{"start":{"line":29,"column":14},"end":{"line":29,"column":null}}],"line":28},"7":{"loc":{"start":{"line":53,"column":13},"end":{"line":53,"column":null}},"type":"binary-expr","locations":[{"start":{"line":53,"column":13},"end":{"line":53,"column":41}},{"start":{"line":53,"column":41},"end":{"line":53,"column":null}}],"line":53},"8":{"loc":{"start":{"line":60,"column":13},"end":{"line":60,"column":null}},"type":"binary-expr","locations":[{"start":{"line":60,"column":13},"end":{"line":60,"column":39}},{"start":{"line":60,"column":39},"end":{"line":60,"column":null}}],"line":60},"9":{"loc":{"start":{"line":67,"column":13},"end":{"line":67,"column":null}},"type":"binary-expr","locations":[{"start":{"line":67,"column":13},"end":{"line":67,"column":41}},{"start":{"line":67,"column":41},"end":{"line":67,"column":null}}],"line":67},"10":{"loc":{"start":{"line":86,"column":2},"end":{"line":88,"column":null}},"type":"if","locations":[{"start":{"line":86,"column":2},"end":{"line":88,"column":null}},{"start":{},"end":{}}],"line":86},"11":{"loc":{"start":{"line":91,"column":4},"end":{"line":100,"column":null}},"type":"if","locations":[{"start":{"line":91,"column":4},"end":{"line":100,"column":null}},{"start":{},"end":{}}],"line":91},"12":{"loc":{"start":{"line":102,"column":4},"end":{"line":144,"column":null}},"type":"if","locations":[{"start":{"line":102,"column":4},"end":{"line":144,"column":null}},{"start":{},"end":{}}],"line":102},"13":{"loc":{"start":{"line":113,"column":17},"end":{"line":113,"column":null}},"type":"binary-expr","locations":[{"start":{"line":113,"column":17},"end":{"line":113,"column":46}},{"start":{"line":113,"column":46},"end":{"line":113,"column":null}}],"line":113},"14":{"loc":{"start":{"line":120,"column":17},"end":{"line":120,"column":null}},"type":"binary-expr","locations":[{"start":{"line":120,"column":17},"end":{"line":120,"column":44}},{"start":{"line":120,"column":44},"end":{"line":120,"column":null}}],"line":120},"15":{"loc":{"start":{"line":127,"column":17},"end":{"line":127,"column":null}},"type":"binary-expr","locations":[{"start":{"line":127,"column":17},"end":{"line":127,"column":41}},{"start":{"line":127,"column":41},"end":{"line":127,"column":null}}],"line":127},"16":{"loc":{"start":{"line":134,"column":17},"end":{"line":134,"column":null}},"type":"binary-expr","locations":[{"start":{"line":134,"column":17},"end":{"line":134,"column":44}},{"start":{"line":134,"column":44},"end":{"line":134,"column":null}}],"line":134},"17":{"loc":{"start":{"line":146,"column":4},"end":{"line":157,"column":null}},"type":"if","locations":[{"start":{"line":146,"column":4},"end":{"line":157,"column":null}},{"start":{},"end":{}}],"line":146},"18":{"loc":{"start":{"line":148,"column":6},"end":{"line":156,"column":null}},"type":"if","locations":[{"start":{"line":148,"column":6},"end":{"line":156,"column":null}},{"start":{"line":154,"column":13},"end":{"line":156,"column":null}}],"line":148},"19":{"loc":{"start":{"line":149,"column":8},"end":{"line":151,"column":null}},"type":"binary-expr","locations":[{"start":{"line":149,"column":8},"end":{"line":149,"column":null}},{"start":{"line":150,"column":8},"end":{"line":150,"column":null}},{"start":{"line":151,"column":8},"end":{"line":151,"column":null}}],"line":149},"20":{"loc":{"start":{"line":159,"column":4},"end":{"line":176,"column":null}},"type":"if","locations":[{"start":{"line":159,"column":4},"end":{"line":176,"column":null}},{"start":{},"end":{}}],"line":159},"21":{"loc":{"start":{"line":171,"column":13},"end":{"line":172,"column":null}},"type":"binary-expr","locations":[{"start":{"line":171,"column":13},"end":{"line":171,"column":null}},{"start":{"line":172,"column":14},"end":{"line":172,"column":null}}],"line":171},"22":{"loc":{"start":{"line":238,"column":13},"end":{"line":239,"column":null}},"type":"binary-expr","locations":[{"start":{"line":238,"column":13},"end":{"line":238,"column":null}},{"start":{"line":239,"column":14},"end":{"line":239,"column":null}}],"line":238},"23":{"loc":{"start":{"line":252,"column":13},"end":{"line":252,"column":null}},"type":"cond-expr","locations":[{"start":{"line":252,"column":26},"end":{"line":252,"column":42}},{"start":{"line":252,"column":42},"end":{"line":252,"column":null}}],"line":252},"24":{"loc":{"start":{"line":290,"column":17},"end":{"line":290,"column":null}},"type":"binary-expr","locations":[{"start":{"line":290,"column":17},"end":{"line":290,"column":31}},{"start":{"line":290,"column":31},"end":{"line":290,"column":null}}],"line":290},"25":{"loc":{"start":{"line":295,"column":4},"end":{"line":295,"column":null}},"type":"if","locations":[{"start":{"line":295,"column":4},"end":{"line":295,"column":null}},{"start":{},"end":{}}],"line":295},"26":{"loc":{"start":{"line":306,"column":4},"end":{"line":308,"column":null}},"type":"if","locations":[{"start":{"line":306,"column":4},"end":{"line":308,"column":null}},{"start":{},"end":{}}],"line":306},"27":{"loc":{"start":{"line":306,"column":8},"end":{"line":306,"column":43}},"type":"binary-expr","locations":[{"start":{"line":306,"column":8},"end":{"line":306,"column":14}},{"start":{"line":306,"column":14},"end":{"line":306,"column":43}}],"line":306},"28":{"loc":{"start":{"line":316,"column":4},"end":{"line":319,"column":null}},"type":"if","locations":[{"start":{"line":316,"column":4},"end":{"line":319,"column":null}},{"start":{},"end":{}}],"line":316},"29":{"loc":{"start":{"line":321,"column":4},"end":{"line":323,"column":null}},"type":"if","locations":[{"start":{"line":321,"column":4},"end":{"line":323,"column":null}},{"start":{},"end":{}}],"line":321},"30":{"loc":{"start":{"line":334,"column":4},"end":{"line":334,"column":null}},"type":"if","locations":[{"start":{"line":334,"column":4},"end":{"line":334,"column":null}},{"start":{},"end":{}}],"line":334},"31":{"loc":{"start":{"line":340,"column":4},"end":{"line":342,"column":null}},"type":"if","locations":[{"start":{"line":340,"column":4},"end":{"line":342,"column":null}},{"start":{},"end":{}}],"line":340},"32":{"loc":{"start":{"line":354,"column":6},"end":{"line":356,"column":null}},"type":"if","locations":[{"start":{"line":354,"column":6},"end":{"line":356,"column":null}},{"start":{},"end":{}}],"line":354},"33":{"loc":{"start":{"line":363,"column":4},"end":{"line":369,"column":null}},"type":"if","locations":[{"start":{"line":363,"column":4},"end":{"line":369,"column":null}},{"start":{"line":366,"column":4},"end":{"line":369,"column":null}}],"line":363},"34":{"loc":{"start":{"line":366,"column":4},"end":{"line":369,"column":null}},"type":"if","locations":[{"start":{"line":366,"column":4},"end":{"line":369,"column":null}},{"start":{},"end":{}}],"line":366},"35":{"loc":{"start":{"line":375,"column":25},"end":{"line":381,"column":null}},"type":"cond-expr","locations":[{"start":{"line":376,"column":6},"end":{"line":376,"column":null}},{"start":{"line":377,"column":6},"end":{"line":381,"column":null}}],"line":375},"36":{"loc":{"start":{"line":377,"column":6},"end":{"line":381,"column":null}},"type":"cond-expr","locations":[{"start":{"line":378,"column":8},"end":{"line":378,"column":null}},{"start":{"line":379,"column":8},"end":{"line":381,"column":null}}],"line":377},"37":{"loc":{"start":{"line":379,"column":8},"end":{"line":381,"column":null}},"type":"cond-expr","locations":[{"start":{"line":380,"column":10},"end":{"line":380,"column":null}},{"start":{"line":381,"column":10},"end":{"line":381,"column":null}}],"line":379},"38":{"loc":{"start":{"line":396,"column":9},"end":{"line":432,"column":null}},"type":"binary-expr","locations":[{"start":{"line":396,"column":9},"end":{"line":396,"column":34}},{"start":{"line":396,"column":34},"end":{"line":396,"column":45}},{"start":{"line":396,"column":45},"end":{"line":396,"column":null}},{"start":{"line":397,"column":10},"end":{"line":432,"column":null}}],"line":396},"39":{"loc":{"start":{"line":440,"column":16},"end":{"line":442,"column":null}},"type":"cond-expr","locations":[{"start":{"line":441,"column":20},"end":{"line":441,"column":null}},{"start":{"line":442,"column":20},"end":{"line":442,"column":null}}],"line":440},"40":{"loc":{"start":{"line":447,"column":18},"end":{"line":449,"column":null}},"type":"cond-expr","locations":[{"start":{"line":448,"column":22},"end":{"line":448,"column":null}},{"start":{"line":449,"column":22},"end":{"line":449,"column":null}}],"line":447},"41":{"loc":{"start":{"line":453,"column":18},"end":{"line":464,"column":null}},"type":"if","locations":[{"start":{"line":453,"column":18},"end":{"line":464,"column":null}},{"start":{},"end":{}}],"line":453},"42":{"loc":{"start":{"line":466,"column":18},"end":{"line":473,"column":null}},"type":"if","locations":[{"start":{"line":466,"column":18},"end":{"line":473,"column":null}},{"start":{},"end":{}}],"line":466},"43":{"loc":{"start":{"line":481,"column":12},"end":{"line":481,"column":null}},"type":"binary-expr","locations":[{"start":{"line":481,"column":12},"end":{"line":481,"column":26}},{"start":{"line":481,"column":26},"end":{"line":481,"column":42}},{"start":{"line":481,"column":42},"end":{"line":481,"column":null}}],"line":481},"44":{"loc":{"start":{"line":483,"column":11},"end":{"line":488,"column":null}},"type":"binary-expr","locations":[{"start":{"line":483,"column":11},"end":{"line":483,"column":null}},{"start":{"line":484,"column":12},"end":{"line":488,"column":null}}],"line":483},"45":{"loc":{"start":{"line":497,"column":9},"end":{"line":500,"column":null}},"type":"binary-expr","locations":[{"start":{"line":497,"column":9},"end":{"line":497,"column":null}},{"start":{"line":498,"column":10},"end":{"line":500,"column":null}}],"line":497},"46":{"loc":{"start":{"line":515,"column":14},"end":{"line":517,"column":null}},"type":"if","locations":[{"start":{"line":515,"column":14},"end":{"line":517,"column":null}},{"start":{},"end":{}}],"line":515},"47":{"loc":{"start":{"line":520,"column":14},"end":{"line":523,"column":null}},"type":"if","locations":[{"start":{"line":520,"column":14},"end":{"line":523,"column":null}},{"start":{},"end":{}}],"line":520},"48":{"loc":{"start":{"line":520,"column":18},"end":{"line":520,"column":52}},"type":"binary-expr","locations":[{"start":{"line":520,"column":18},"end":{"line":520,"column":39}},{"start":{"line":520,"column":39},"end":{"line":520,"column":52}}],"line":520},"49":{"loc":{"start":{"line":531,"column":11},"end":{"line":547,"column":null}},"type":"cond-expr","locations":[{"start":{"line":532,"column":12},"end":{"line":539,"column":null}},{"start":{"line":541,"column":12},"end":{"line":547,"column":null}}],"line":531}},"s":{"0":2,"1":0,"2":2,"3":2,"4":2,"5":2,"6":2,"7":5,"8":0,"9":5,"10":5,"11":1,"12":4,"13":1,"14":3,"15":2,"16":2,"17":0,"18":1,"19":1,"20":0,"21":0,"22":2,"23":1,"24":40,"25":40,"26":40,"27":40,"28":40,"29":40,"30":40,"31":40,"32":40,"33":40,"34":40,"35":40,"36":40,"37":0,"38":0,"39":0,"40":0,"41":0,"42":40,"43":10,"44":10,"45":10,"46":2,"47":2,"48":2,"49":1,"50":1,"51":1,"52":0,"53":1,"54":1,"55":1,"56":1,"57":0,"58":0,"59":0,"60":0,"61":0,"62":0,"63":0,"64":0,"65":0,"66":40,"67":10,"68":10,"69":0,"70":40,"71":10,"72":1,"73":1,"74":9,"75":0,"76":0,"77":40,"78":40,"79":0,"80":0,"81":7,"82":7,"83":2,"84":5,"85":5,"86":0,"87":27,"88":27,"89":0,"90":28,"91":1,"92":1},"f":{"0":2,"1":5,"2":2,"3":1,"4":40,"5":0,"6":10,"7":2,"8":0,"9":0,"10":10,"11":10,"12":10,"13":0,"14":0,"15":7,"16":7,"17":27,"18":28},"b":{"0":[0,2],"1":[2,2],"2":[2,0],"3":[2,1],"4":[2,1],"5":[2,1],"6":[2,2],"7":[2,1],"8":[2,1],"9":[2,1],"10":[0,5],"11":[1,4],"12":[1,3],"13":[1,0],"14":[1,0],"15":[1,0],"16":[1,0],"17":[2,1],"18":[2,0],"19":[2,2,2],"20":[1,0],"21":[1,0],"22":[1,0],"23":[0,1],"24":[40,39],"25":[0,0],"26":[10,0],"27":[10,10],"28":[1,1],"29":[0,1],"30":[0,0],"31":[0,0],"32":[0,10],"33":[1,9],"34":[0,9],"35":[1,39],"36":[1,38],"37":[1,37],"38":[40,34,32,31],"39":[1,6],"40":[1,6],"41":[2,5],"42":[5,0],"43":[40,39,2],"44":[40,1],"45":[40,1],"46":[0,27],"47":[1,27],"48":[28,1],"49":[2,38]},"meta":{"lastBranch":50,"lastFunction":19,"lastStatement":93,"seen":{"f:8:9:8:23":0,"b:9:2:9:Infinity:undefined:undefined:undefined:undefined":0,"s:9:2:9:Infinity":0,"b:9:6:9:17:9:17:9:45":1,"s:9:45:9:Infinity":1,"s:12:16:12:Infinity":2,"b:12:51:12:66:12:66:12:Infinity":2,"s:13:17:13:Infinity":3,"b:13:17:13:34:13:34:13:Infinity":3,"s:14:22:14:Infinity":4,"b:14:22:14:44:14:44:14:Infinity":4,"s:16:4:16:Infinity":5,"b:16:4:16:29:16:29:16:Infinity":5,"s:18:2:81:Infinity":6,"b:28:13:28:Infinity:29:14:29:Infinity":6,"b:53:13:53:41:53:41:53:Infinity":7,"b:60:13:60:39:60:39:60:Infinity":8,"b:67:13:67:41:67:41:67:Infinity":9,"f:85:9:85:18":1,"b:86:2:88:Infinity:undefined:undefined:undefined:undefined":10,"s:86:2:88:Infinity":7,"s:87:4:87:Infinity":8,"s:90:2:196:Infinity":9,"b:91:4:100:Infinity:undefined:undefined:undefined:undefined":11,"s:91:4:100:Infinity":10,"s:92:6:98:Infinity":11,"b:102:4:144:Infinity:undefined:undefined:undefined:undefined":12,"s:102:4:144:Infinity":12,"s:103:6:142:Infinity":13,"b:113:17:113:46:113:46:113:Infinity":13,"b:120:17:120:44:120:44:120:Infinity":14,"b:127:17:127:41:127:41:127:Infinity":15,"b:134:17:134:44:134:44:134:Infinity":16,"b:146:4:157:Infinity:undefined:undefined:undefined:undefined":17,"s:146:4:157:Infinity":14,"b:148:6:156:Infinity:154:13:156:Infinity":18,"s:148:6:156:Infinity":15,"b:149:8:149:Infinity:150:8:150:Infinity:151:8:151:Infinity":19,"s:153:8:153:Infinity":16,"s:155:8:155:Infinity":17,"b:159:4:176:Infinity:undefined:undefined:undefined:undefined":20,"s:159:4:176:Infinity":18,"s:160:6:174:Infinity":19,"b:171:13:171:Infinity:172:14:172:Infinity":21,"s:178:4:178:Infinity":20,"s:181:4:194:Infinity":21,"f:199:9:199:27":2,"s:200:2:220:Infinity":22,"f:224:9:224:19":3,"s:225:2:256:Infinity":23,"b:238:13:238:Infinity:239:14:239:Infinity":22,"b:252:26:252:42:252:42:252:Infinity":23,"f:260:24:260:40":4,"s:268:6:272:Infinity":24,"s:274:28:274:Infinity":25,"s:275:38:275:Infinity":26,"s:276:38:276:Infinity":27,"s:278:29:278:Infinity":28,"s:281:22:281:Infinity":29,"s:282:24:282:Infinity":30,"s:284:30:284:Infinity":31,"s:285:26:285:Infinity":32,"s:286:21:286:Infinity":33,"s:288:21:288:Infinity":34,"s:289:22:289:Infinity":35,"s:290:17:290:Infinity":36,"b:290:17:290:31:290:31:290:Infinity":24,"f:292:11:292:26":5,"s:293:15:293:Infinity":37,"b:295:4:295:Infinity:undefined:undefined:undefined:undefined":25,"s:295:4:295:Infinity":38,"s:295:13:295:Infinity":39,"s:298:6:298:Infinity":40,"s:300:4:300:Infinity":41,"s:303:2:309:Infinity":42,"f:303:2:303:18":6,"s:304:15:304:Infinity":43,"b:306:4:308:Infinity:undefined:undefined:undefined:undefined":26,"s:306:4:308:Infinity":44,"b:306:8:306:14:306:14:306:43":27,"s:307:6:307:Infinity":45,"f:311:11:311:24":7,"s:312:4:312:Infinity":46,"s:314:17:314:Infinity":47,"b:316:4:319:Infinity:undefined:undefined:undefined:undefined":28,"s:316:4:319:Infinity":48,"s:317:6:317:Infinity":49,"s:318:6:318:Infinity":50,"b:321:4:323:Infinity:undefined:undefined:undefined:undefined":29,"s:321:4:323:Infinity":51,"s:322:6:322:Infinity":52,"s:325:4:325:Infinity":53,"s:326:4:326:Infinity":54,"s:328:4:328:Infinity":55,"s:330:4:330:Infinity":56,"f:333:11:333:25":8,"b:334:4:334:Infinity:undefined:undefined:undefined:undefined":30,"s:334:4:334:Infinity":57,"s:334:20:334:Infinity":58,"s:336:4:336:Infinity":59,"s:337:4:337:Infinity":60,"b:340:4:342:Infinity:undefined:undefined:undefined:undefined":31,"s:340:4:342:Infinity":61,"s:341:6:341:Infinity":62,"s:345:4:348:Infinity":63,"f:345:30:345:47":9,"s:346:6:346:Infinity":64,"s:347:6:347:Infinity":65,"s:352:2:358:Infinity":66,"f:352:2:352:18":10,"s:353:4:357:Infinity":67,"f:353:4:353:17":11,"b:354:6:356:Infinity:undefined:undefined:undefined:undefined":32,"s:354:6:356:Infinity":68,"s:355:8:355:Infinity":69,"s:362:2:370:Infinity":70,"f:362:2:362:18":12,"b:363:4:369:Infinity:366:4:369:Infinity":33,"s:363:4:369:Infinity":71,"s:364:6:364:Infinity":72,"s:365:6:365:Infinity":73,"b:366:4:369:Infinity:undefined:undefined:undefined:undefined":34,"s:366:4:369:Infinity":74,"s:367:6:367:Infinity":75,"s:368:6:368:Infinity":76,"s:375:25:381:Infinity":77,"b:376:6:376:Infinity:377:6:381:Infinity":35,"b:378:8:378:Infinity:379:8:381:Infinity":36,"b:380:10:380:Infinity:381:10:381:Infinity":37,"s:383:2:551:Infinity":78,"b:396:9:396:34:396:34:396:45:396:45:396:Infinity:397:10:432:Infinity":38,"f:410:16:410:Infinity":13,"s:411:18:413:Infinity":79,"f:422:16:422:Infinity":14,"s:423:18:425:Infinity":80,"f:436:20:436:25":15,"s:437:12:478:Infinity":81,"b:441:20:441:Infinity:442:20:442:Infinity":39,"b:448:22:448:Infinity:449:22:449:Infinity":40,"f:452:31:452:36":16,"b:453:18:464:Infinity:undefined:undefined:undefined:undefined":41,"s:453:18:464:Infinity":82,"s:454:20:462:Infinity":83,"b:466:18:473:Infinity:undefined:undefined:undefined:undefined":42,"s:466:18:473:Infinity":84,"s:467:20:471:Infinity":85,"s:475:18:475:Infinity":86,"b:481:12:481:26:481:26:481:42:481:42:481:Infinity":43,"b:483:11:483:Infinity:484:12:488:Infinity":44,"b:497:9:497:Infinity:498:10:500:Infinity":45,"f:512:12:512:23":17,"s:513:14:513:Infinity":87,"b:515:14:517:Infinity:undefined:undefined:undefined:undefined":46,"s:515:14:517:Infinity":88,"s:516:16:516:Infinity":89,"f:519:12:519:24":18,"b:520:14:523:Infinity:undefined:undefined:undefined:undefined":47,"s:520:14:523:Infinity":90,"b:520:18:520:39:520:39:520:52":48,"s:521:16:521:Infinity":91,"s:522:16:522:Infinity":92,"b:532:12:539:Infinity:541:12:547:Infinity":49},"fnNames":{}}}
}
